[2020-08-18 02:29:54] laravel.EMERGENCY: Unable to create configured logger. Using emergency logger. {"exception":"[object] (InvalidArgumentException(code: 0): Log [] is not defined. at C:\\Users\\Gutyerrez\\Documents\\VSCodeProjects\\Hyren\\w.Api\\vendor\\laravel\\framework\\src\\Illuminate\\Log\\LogManager.php:192)
[stacktrace]
#0 C:\\Users\\Gutyerrez\\Documents\\VSCodeProjects\\Hyren\\w.Api\\vendor\\laravel\\framework\\src\\Illuminate\\Log\\LogManager.php(118): Illuminate\\Log\\LogManager->resolve()
#1 C:\\Users\\Gutyerrez\\Documents\\VSCodeProjects\\Hyren\\w.Api\\vendor\\laravel\\framework\\src\\Illuminate\\Log\\LogManager.php(98): Illuminate\\Log\\LogManager->get()
#2 C:\\Users\\Gutyerrez\\Documents\\VSCodeProjects\\Hyren\\w.Api\\vendor\\laravel\\framework\\src\\Illuminate\\Log\\LogManager.php(547): Illuminate\\Log\\LogManager->driver()
#3 C:\\Users\\Gutyerrez\\Documents\\VSCodeProjects\\Hyren\\w.Api\\vendor\\laravel\\framework\\src\\Illuminate\\Foundation\\Exceptions\\Handler.php(122): Illuminate\\Log\\LogManager->error()
#4 C:\\Users\\Gutyerrez\\Documents\\VSCodeProjects\\Hyren\\w.Api\\app\\Exceptions\\Handler.php(39): Illuminate\\Foundation\\Exceptions\\Handler->report()
#5 C:\\Users\\Gutyerrez\\Documents\\VSCodeProjects\\Hyren\\w.Api\\vendor\\laravel\\framework\\src\\Illuminate\\Foundation\\Console\\Kernel.php(366): App\\Exceptions\\Handler->report()
#6 C:\\Users\\Gutyerrez\\Documents\\VSCodeProjects\\Hyren\\w.Api\\vendor\\laravel\\framework\\src\\Illuminate\\Foundation\\Console\\Kernel.php(131): Illuminate\\Foundation\\Console\\Kernel->reportException()
#7 C:\\Users\\Gutyerrez\\Documents\\VSCodeProjects\\Hyren\\w.Api\\artisan(37): Illuminate\\Foundation\\Console\\Kernel->handle()
#8 {main}
"} 
[2020-08-18 02:29:54] laravel.ERROR: The C:\Users\Gutyerrez\Documents\VSCodeProjects\Hyren\w.Api\bootstrap\cache directory must be present and writable. {"exception":"[object] (Exception(code: 0): The C:\\Users\\Gutyerrez\\Documents\\VSCodeProjects\\Hyren\\w.Api\\bootstrap\\cache directory must be present and writable. at C:\\Users\\Gutyerrez\\Documents\\VSCodeProjects\\Hyren\\w.Api\\vendor\\laravel\\framework\\src\\Illuminate\\Foundation\\PackageManifest.php:177)
[stacktrace]
#0 C:\\Users\\Gutyerrez\\Documents\\VSCodeProjects\\Hyren\\w.Api\\vendor\\laravel\\framework\\src\\Illuminate\\Foundation\\PackageManifest.php(136): Illuminate\\Foundation\\PackageManifest->write()
#1 C:\\Users\\Gutyerrez\\Documents\\VSCodeProjects\\Hyren\\w.Api\\vendor\\laravel\\framework\\src\\Illuminate\\Foundation\\PackageManifest.php(106): Illuminate\\Foundation\\PackageManifest->build()
#2 C:\\Users\\Gutyerrez\\Documents\\VSCodeProjects\\Hyren\\w.Api\\vendor\\laravel\\framework\\src\\Illuminate\\Foundation\\PackageManifest.php(89): Illuminate\\Foundation\\PackageManifest->getManifest()
#3 C:\\Users\\Gutyerrez\\Documents\\VSCodeProjects\\Hyren\\w.Api\\vendor\\laravel\\framework\\src\\Illuminate\\Foundation\\PackageManifest.php(78): Illuminate\\Foundation\\PackageManifest->config()
#4 C:\\Users\\Gutyerrez\\Documents\\VSCodeProjects\\Hyren\\w.Api\\vendor\\laravel\\framework\\src\\Illuminate\\Foundation\\Bootstrap\\RegisterFacades.php(26): Illuminate\\Foundation\\PackageManifest->aliases()
#5 C:\\Users\\Gutyerrez\\Documents\\VSCodeProjects\\Hyren\\w.Api\\vendor\\laravel\\framework\\src\\Illuminate\\Foundation\\Application.php(230): Illuminate\\Foundation\\Bootstrap\\RegisterFacades->bootstrap()
#6 C:\\Users\\Gutyerrez\\Documents\\VSCodeProjects\\Hyren\\w.Api\\vendor\\laravel\\framework\\src\\Illuminate\\Foundation\\Console\\Kernel.php(310): Illuminate\\Foundation\\Application->bootstrapWith()
#7 C:\\Users\\Gutyerrez\\Documents\\VSCodeProjects\\Hyren\\w.Api\\vendor\\laravel\\framework\\src\\Illuminate\\Foundation\\Console\\Kernel.php(127): Illuminate\\Foundation\\Console\\Kernel->bootstrap()
#8 C:\\Users\\Gutyerrez\\Documents\\VSCodeProjects\\Hyren\\w.Api\\artisan(37): Illuminate\\Foundation\\Console\\Kernel->handle()
#9 {main}
"} 
